2023-09-09T15:27:04.662+05:30  INFO 5528 --- [main] c.A.s.DemoSpringBootApplication          : Starting DemoSpringBootApplication using Java 17.0.8 with PID 5528 (C:\Users\mm\Java_Full_Stack_Develop\Spring 5 _Telusko_learn\SpringWorkspace\demoSpringBoot\target\classes started by mm in C:\Users\mm\Java_Full_Stack_Develop\Spring 5 _Telusko_learn\SpringWorkspace\demoSpringBoot)
2023-09-09T15:27:04.665+05:30  INFO 5528 --- [main] c.A.s.DemoSpringBootApplication          : No active profile set, falling back to 1 default profile: "default"
2023-09-09T15:27:05.326+05:30  INFO 5528 --- [main] .s.d.r.c.RepositoryConfigurationDelegate : Bootstrapping Spring Data JPA repositories in DEFAULT mode.
2023-09-09T15:27:05.398+05:30  INFO 5528 --- [main] .s.d.r.c.RepositoryConfigurationDelegate : Finished Spring Data repository scanning in 63 ms. Found 1 JPA repository interfaces.
2023-09-09T15:27:06.066+05:30  INFO 5528 --- [main] o.s.b.w.embedded.tomcat.TomcatWebServer  : Tomcat initialized with port(s): 8080 (http)
2023-09-09T15:27:06.077+05:30  INFO 5528 --- [main] o.apache.catalina.core.StandardService   : Starting service [Tomcat]
2023-09-09T15:27:06.078+05:30  INFO 5528 --- [main] o.apache.catalina.core.StandardEngine    : Starting Servlet engine: [Apache Tomcat/10.1.12]
2023-09-09T15:27:06.330+05:30  INFO 5528 --- [main] org.apache.jasper.servlet.TldScanner     : At least one JAR was scanned for TLDs yet contained no TLDs. Enable debug logging for this logger for a complete list of JARs that were scanned but no TLDs were found in them. Skipping unneeded JARs during scanning can improve startup time and JSP compilation time.
2023-09-09T15:27:06.337+05:30  INFO 5528 --- [main] o.a.c.c.C.[Tomcat].[localhost].[/]       : Initializing Spring embedded WebApplicationContext
2023-09-09T15:27:06.338+05:30  INFO 5528 --- [main] w.s.c.ServletWebServerApplicationContext : Root WebApplicationContext: initialization completed in 1617 ms
2023-09-09T15:27:06.507+05:30  INFO 5528 --- [main] com.zaxxer.hikari.HikariDataSource       : HikariPool-1 - Starting...
2023-09-09T15:27:06.895+05:30  INFO 5528 --- [main] com.zaxxer.hikari.pool.HikariPool        : HikariPool-1 - Added connection com.mysql.cj.jdbc.ConnectionImpl@7ceb6c45
2023-09-09T15:27:06.898+05:30  INFO 5528 --- [main] com.zaxxer.hikari.HikariDataSource       : HikariPool-1 - Start completed.
2023-09-09T15:27:06.956+05:30  INFO 5528 --- [main] o.hibernate.jpa.internal.util.LogHelper  : HHH000204: Processing PersistenceUnitInfo [name: default]
2023-09-09T15:27:07.041+05:30  INFO 5528 --- [main] org.hibernate.Version                    : HHH000412: Hibernate ORM core version 6.2.7.Final
2023-09-09T15:27:07.044+05:30  INFO 5528 --- [main] org.hibernate.cfg.Environment            : HHH000406: Using bytecode reflection optimizer
2023-09-09T15:27:07.278+05:30  INFO 5528 --- [main] o.h.b.i.BytecodeProviderInitiator        : HHH000021: Bytecode provider name : bytebuddy
2023-09-09T15:27:07.475+05:30  INFO 5528 --- [main] o.s.o.j.p.SpringPersistenceUnitInfo      : No LoadTimeWeaver setup: ignoring JPA class transformer
2023-09-09T15:27:07.793+05:30  INFO 5528 --- [main] o.h.b.i.BytecodeProviderInitiator        : HHH000021: Bytecode provider name : bytebuddy
2023-09-09T15:27:08.546+05:30  INFO 5528 --- [main] o.h.e.t.j.p.i.JtaPlatformInitiator       : HHH000490: Using JtaPlatform implementation: [org.hibernate.engine.transaction.jta.platform.internal.NoJtaPlatform]
2023-09-09T15:27:08.550+05:30  INFO 5528 --- [main] j.LocalContainerEntityManagerFactoryBean : Initialized JPA EntityManagerFactory for persistence unit 'default'
2023-09-09T15:27:08.904+05:30  INFO 5528 --- [main] o.s.d.j.r.query.QueryEnhancerFactory     : Hibernate is in classpath; If applicable, HQL parser will be used.
2023-09-09T15:27:09.313+05:30  WARN 5528 --- [main] JpaBaseConfiguration$JpaWebConfiguration : spring.jpa.open-in-view is enabled by default. Therefore, database queries may be performed during view rendering. Explicitly configure spring.jpa.open-in-view to disable this warning
2023-09-09T15:27:09.513+05:30  INFO 5528 --- [main] o.s.b.a.w.s.WelcomePageHandlerMapping    : Adding welcome page template: index
2023-09-09T15:27:09.749+05:30  INFO 5528 --- [main] o.s.b.w.embedded.tomcat.TomcatWebServer  : Tomcat started on port(s): 8080 (http) with context path ''
2023-09-09T15:27:09.760+05:30  INFO 5528 --- [main] c.A.s.DemoSpringBootApplication          : Started DemoSpringBootApplication in 5.562 seconds (process running for 6.224)
2023-09-09T15:29:09.239+05:30  INFO 5528 --- [http-nio-8080-exec-1] o.a.c.c.C.[Tomcat].[localhost].[/]       : Initializing Spring DispatcherServlet 'dispatcherServlet'
2023-09-09T15:29:09.239+05:30  INFO 5528 --- [http-nio-8080-exec-1] o.s.web.servlet.DispatcherServlet        : Initializing Servlet 'dispatcherServlet'
2023-09-09T15:29:09.241+05:30  INFO 5528 --- [http-nio-8080-exec-1] o.s.web.servlet.DispatcherServlet        : Completed initialization in 1 ms
2023-09-09T15:29:09.283+05:30  INFO 5528 --- [http-nio-8080-exec-1] com.Arsac.springMVCBoot.LoggingAspect    : Execution of getMethod Initialised......
2023-09-09T15:38:04.109+05:30  INFO 5528 --- [RMI TCP Connection(13)-127.0.0.1] inMXBeanRegistrar$SpringApplicationAdmin : Application shutdown requested.
2023-09-09T15:38:04.130+05:30  INFO 5528 --- [RMI TCP Connection(13)-127.0.0.1] o.apache.catalina.core.StandardService   : Stopping service [Tomcat]
2023-09-09T15:38:04.133+05:30  INFO 5528 --- [RMI TCP Connection(13)-127.0.0.1] o.a.c.c.C.[Tomcat].[localhost].[/]       : Destroying Spring FrameworkServlet 'dispatcherServlet'
2023-09-09T15:38:04.143+05:30  INFO 5528 --- [RMI TCP Connection(13)-127.0.0.1] j.LocalContainerEntityManagerFactoryBean : Closing JPA EntityManagerFactory for persistence unit 'default'
2023-09-09T15:38:04.146+05:30  INFO 5528 --- [RMI TCP Connection(13)-127.0.0.1] com.zaxxer.hikari.HikariDataSource       : HikariPool-1 - Shutdown initiated...
2023-09-09T15:38:04.157+05:30  INFO 5528 --- [RMI TCP Connection(13)-127.0.0.1] com.zaxxer.hikari.HikariDataSource       : HikariPool-1 - Shutdown completed.
